<?xml version="1.0" encoding="UTF-8"?>
<testsuite xmlns:xsi="http://www.w3.org/2001/XMLSchema-instance" xsi:noNamespaceSchemaLocation="https://maven.apache.org/surefire/maven-surefire-plugin/xsd/surefire-test-report.xsd" name="com.example.ControllerTest" time="2.762" tests="7" errors="0" skipped="0" failures="0">
  <properties>
    <property name="java.specification.version" value="20"/>
    <property name="sun.cpu.isalist" value="amd64"/>
    <property name="sun.jnu.encoding" value="Cp1252"/>
    <property name="java.class.path" value="F:\Project\General Programming\Spring_Project\demo\target\test-classes;F:\Project\General Programming\Spring_Project\demo\target\classes;C:\Users\KIIT\.m2\repository\org\projectlombok\lombok\1.18.30\lombok-1.18.30.jar;C:\Users\KIIT\.m2\repository\org\junit\jupiter\junit-jupiter\5.8.2\junit-jupiter-5.8.2.jar;C:\Users\KIIT\.m2\repository\org\junit\jupiter\junit-jupiter-api\5.8.2\junit-jupiter-api-5.8.2.jar;C:\Users\KIIT\.m2\repository\org\opentest4j\opentest4j\1.2.0\opentest4j-1.2.0.jar;C:\Users\KIIT\.m2\repository\org\junit\platform\junit-platform-commons\1.8.2\junit-platform-commons-1.8.2.jar;C:\Users\KIIT\.m2\repository\org\apiguardian\apiguardian-api\1.1.2\apiguardian-api-1.1.2.jar;C:\Users\KIIT\.m2\repository\org\junit\jupiter\junit-jupiter-params\5.8.2\junit-jupiter-params-5.8.2.jar;C:\Users\KIIT\.m2\repository\org\junit\jupiter\junit-jupiter-engine\5.8.2\junit-jupiter-engine-5.8.2.jar;C:\Users\KIIT\.m2\repository\org\junit\platform\junit-platform-engine\1.8.2\junit-platform-engine-1.8.2.jar;C:\Users\KIIT\.m2\repository\org\mockito\mockito-core\5.11.0\mockito-core-5.11.0.jar;C:\Users\KIIT\.m2\repository\net\bytebuddy\byte-buddy\1.14.12\byte-buddy-1.14.12.jar;C:\Users\KIIT\.m2\repository\net\bytebuddy\byte-buddy-agent\1.14.12\byte-buddy-agent-1.14.12.jar;C:\Users\KIIT\.m2\repository\org\objenesis\objenesis\3.3\objenesis-3.3.jar;"/>
    <property name="java.vm.vendor" value="Oracle Corporation"/>
    <property name="sun.arch.data.model" value="64"/>
    <property name="user.variant" value=""/>
    <property name="java.vendor.url" value="https://java.oracle.com/"/>
    <property name="user.timezone" value="Asia/Calcutta"/>
    <property name="os.name" value="Windows 10"/>
    <property name="java.vm.specification.version" value="20"/>
    <property name="sun.java.launcher" value="SUN_STANDARD"/>
    <property name="user.country" value="IN"/>
    <property name="sun.boot.library.path" value="D:\Java\jdk-20\bin"/>
    <property name="sun.java.command" value="C:\Users\KIIT\AppData\Local\Temp\surefire13287608736433908140\surefirebooter7985117374311154848.jar C:\Users\KIIT\AppData\Local\Temp\surefire13287608736433908140 2024-07-08T22-41-19_317-jvmRun1 surefire10215343774884236595tmp surefire_014578763552442164686tmp"/>
    <property name="jdk.debug" value="release"/>
    <property name="surefire.test.class.path" value="F:\Project\General Programming\Spring_Project\demo\target\test-classes;F:\Project\General Programming\Spring_Project\demo\target\classes;C:\Users\KIIT\.m2\repository\org\projectlombok\lombok\1.18.30\lombok-1.18.30.jar;C:\Users\KIIT\.m2\repository\org\junit\jupiter\junit-jupiter\5.8.2\junit-jupiter-5.8.2.jar;C:\Users\KIIT\.m2\repository\org\junit\jupiter\junit-jupiter-api\5.8.2\junit-jupiter-api-5.8.2.jar;C:\Users\KIIT\.m2\repository\org\opentest4j\opentest4j\1.2.0\opentest4j-1.2.0.jar;C:\Users\KIIT\.m2\repository\org\junit\platform\junit-platform-commons\1.8.2\junit-platform-commons-1.8.2.jar;C:\Users\KIIT\.m2\repository\org\apiguardian\apiguardian-api\1.1.2\apiguardian-api-1.1.2.jar;C:\Users\KIIT\.m2\repository\org\junit\jupiter\junit-jupiter-params\5.8.2\junit-jupiter-params-5.8.2.jar;C:\Users\KIIT\.m2\repository\org\junit\jupiter\junit-jupiter-engine\5.8.2\junit-jupiter-engine-5.8.2.jar;C:\Users\KIIT\.m2\repository\org\junit\platform\junit-platform-engine\1.8.2\junit-platform-engine-1.8.2.jar;C:\Users\KIIT\.m2\repository\org\mockito\mockito-core\5.11.0\mockito-core-5.11.0.jar;C:\Users\KIIT\.m2\repository\net\bytebuddy\byte-buddy\1.14.12\byte-buddy-1.14.12.jar;C:\Users\KIIT\.m2\repository\net\bytebuddy\byte-buddy-agent\1.14.12\byte-buddy-agent-1.14.12.jar;C:\Users\KIIT\.m2\repository\org\objenesis\objenesis\3.3\objenesis-3.3.jar;"/>
    <property name="sun.cpu.endian" value="little"/>
    <property name="user.home" value="C:\Users\KIIT"/>
    <property name="user.language" value="en"/>
    <property name="java.specification.vendor" value="Oracle Corporation"/>
    <property name="java.version.date" value="2023-07-18"/>
    <property name="java.home" value="D:\Java\jdk-20"/>
    <property name="file.separator" value="\"/>
    <property name="basedir" value="F:\Project\General Programming\Spring_Project\demo"/>
    <property name="java.vm.compressedOopsMode" value="32-bit"/>
    <property name="line.separator" value="&#10;"/>
    <property name="java.vm.specification.vendor" value="Oracle Corporation"/>
    <property name="java.specification.name" value="Java Platform API Specification"/>
    <property name="surefire.real.class.path" value="C:\Users\KIIT\AppData\Local\Temp\surefire13287608736433908140\surefirebooter7985117374311154848.jar"/>
    <property name="user.script" value=""/>
    <property name="sun.management.compiler" value="HotSpot 64-Bit Tiered Compilers"/>
    <property name="java.runtime.version" value="20.0.2+9-78"/>
    <property name="user.name" value="KIIT"/>
    <property name="stdout.encoding" value="Cp1252"/>
    <property name="path.separator" value=";"/>
    <property name="os.version" value="10.0"/>
    <property name="java.runtime.name" value="Java(TM) SE Runtime Environment"/>
    <property name="file.encoding" value="UTF-8"/>
    <property name="java.vm.name" value="Java HotSpot(TM) 64-Bit Server VM"/>
    <property name="localRepository" value="C:\Users\KIIT\.m2\repository"/>
    <property name="java.vendor.url.bug" value="https://bugreport.java.com/bugreport/"/>
    <property name="java.io.tmpdir" value="C:\Users\KIIT\AppData\Local\Temp\"/>
    <property name="java.version" value="20.0.2"/>
    <property name="user.dir" value="F:\Project\General Programming\Spring_Project\demo"/>
    <property name="os.arch" value="amd64"/>
    <property name="java.vm.specification.name" value="Java Virtual Machine Specification"/>
    <property name="sun.os.patch.level" value=""/>
    <property name="native.encoding" value="Cp1252"/>
    <property name="java.library.path" value="D:\Java\jdk-20\bin;C:\WINDOWS\Sun\Java\bin;C:\WINDOWS\system32;C:\WINDOWS;C:\Users\KIIT\bin;C:\Program Files\Git\mingw64\bin;C:\Program Files\Git\usr\local\bin;C:\Program Files\Git\usr\bin;C:\Program Files\Git\usr\bin;C:\Program Files\Git\mingw64\bin;C:\Program Files\Git\usr\bin;C:\Users\KIIT\bin;C:\Program Files\Git\cmd;D:\Node;C:\Users\KIIT\AppData\Roaming\npm;D:\Tech-Trend-Report-Server\node_modules\.bin;D:\Tech-Trend-Report-Server\admin-site\node_modules\.bin;D:\Tech-Trend-Report-Server\data-pipeline\.venv\Lib\site-packages\pyspark\bin;D:\apache-maven-3.9.6\bin;D:\Java\jdk-20\bin;C:\WINDOWS\system32;C:\msys64\mingw64\bin;C:\Users\KIIT\AppData\Local\Programs\Python\Python312;C:\msys64\usr\bin;C:\Users\KIIT\AppData\Local\Programs\Python\Python312\Scripts;C:\Program Files (x86)\Pulse Secure\VC142.CRT\X64;C:\Program Files (x86)\Pulse Secure\VC142.CRT\X86;C:\Program Files (x86)\Common Files\Pulse Secure\TNC Client Plugin;C:\Users\KIIT\AppData\Local\Microsoft\WindowsApps;C:\Program Files\heroku\bin;C:\msys64\mingw64\bin;C:\Users\KIIT\AppData\Local\JetBrains\IntelliJ IDEA Educational Edition 2022.2.2\bin;%CATALINA_HOME%\bin;C:\Users\KIIT\AppData\Roaming\npm;D:\Node;D:\Tech-Trend-Report-Server\node_modules\.bin;D:\Tech-Trend-Report-Server\admin-site\node_modules\.bin;D:\Tech-Trend-Report-Server\data-pipeline\.venv\Lib\site-packages\pyspark\bin;D:\apache-maven-3.9.6\bin;D:\Java\jdk-20\bin;D:\Microsoft VS Code\Microsoft VS Code\bin;C:\WINDOWS\system32;C:\Users\KIIT\AppData\Local\Programs\Python\Python312;C:\msys64\usr\bin;C:\Users\KIIT\AppData\Local\Programs\Python\Python312\Scripts;C:\Program Files\Git\usr\bin\vendor_perl;C:\Program Files\Git\usr\bin\core_perl;."/>
    <property name="java.vm.info" value="mixed mode, sharing"/>
    <property name="stderr.encoding" value="Cp1252"/>
    <property name="java.vendor" value="Oracle Corporation"/>
    <property name="java.vm.version" value="20.0.2+9-78"/>
    <property name="sun.io.unicode.encoding" value="UnicodeLittle"/>
    <property name="java.class.version" value="64.0"/>
  </properties>
  <testcase name="isEmployeePresentShouldReturnFalseIfEmployeeNotFound" classname="com.example.ControllerTest" time="2.269"/>
  <testcase name="isEmployeePresentShouldReturnTrueIfEmployeeFound" classname="com.example.ControllerTest" time="0.022"/>
  <testcase name="getEmployeeRankAsPerParameters{Integer, String}[1]" classname="com.example.ControllerTest" time="0.147"/>
  <testcase name="getEmployeeRankAsPerParameters{Integer, String}[2]" classname="com.example.ControllerTest" time="0.027"/>
  <testcase name="getEmployeeRankAsPerParameters{Integer, String}[3]" classname="com.example.ControllerTest" time="0.01"/>
  <testcase name="getEmpployeeByNameShouldReturnNullIfNotFound" classname="com.example.ControllerTest" time="0.032"/>
  <testcase name="getEmpployeeByNameShouldReturnEmployeeIfFound" classname="com.example.ControllerTest" time="0.006"/>
</testsuite>